# JRE version: OpenJDK Runtime Environment Temurin-19.0.1+10 (19.0.1+10) (build 19.0.1+10)
# Java VM: OpenJDK 64-Bit Server VM Temurin-19.0.1+10 (19.0.1+10, mixed mode, emulated-client, tiered, compressed oops, compressed class ptrs, g1 gc, windows-amd64)
GC Precious Log:
 CardTable entry size: 512
 Card Set container configuration: InlinePtr #cards 5 size 8 Array Of Cards #cards 12 size 40 Howl #buckets 4 coarsen threshold 1843 Howl Bitmap #cards 512 size 80 coarsen threshold 460 Card regions per heap region 1 cards per card region 2048
 CPUs: 8 total, 8 available
 Memory: 8073M
 Large Page Support: Disabled
 NUMA Support: Disabled
 Compressed Oops: Enabled (32-bit)
 Heap Region Size: 1M
 Heap Min Capacity: 8M
 Heap Initial Capacity: 128M
 Heap Max Capacity: 1G
 Pre-touch: Disabled
 Parallel Workers: 8
 Concurrent Workers: 2
 Concurrent Refinement Workers: 8
 Periodic GC: Disabled
Heap:
 garbage-first heap   total 510976K, used 444845K [0x00000000c0000000, 0x0000000100000000)
  region size 1024K, 148 young (151552K), 15 survivors (15360K)
 Metaspace       used 58641K, committed 59648K, reserved 1114112K
  class space    used 6858K, committed 7296K, reserved 1048576K
GC Heap History (20 events):
Event: 4.174 GC heap before
{Heap before GC invocations=22 (full 0):
 garbage-first heap   total 415744K, used 323026K [0x00000000c0000000, 0x0000000100000000)
  region size 1024K, 223 young (228352K), 18 survivors (18432K)
 Metaspace       used 52435K, committed 53184K, reserved 1114112K
  class space    used 6155K, committed 6464K, reserved 1048576K
}
Event: 4.190 GC heap after
{Heap after GC invocations=23 (full 0):
 garbage-first heap   total 415744K, used 123332K [0x00000000c0000000, 0x0000000100000000)
  region size 1024K, 23 young (23552K), 23 survivors (23552K)
 Metaspace       used 52435K, committed 53184K, reserved 1114112K
  class space    used 6155K, committed 6464K, reserved 1048576K
}
Event: 4.382 GC heap before
{Heap before GC invocations=23 (full 0):
 garbage-first heap   total 415744K, used 331204K [0x00000000c0000000, 0x0000000100000000)
  region size 1024K, 227 young (232448K), 23 survivors (23552K)
 Metaspace       used 52933K, committed 53696K, reserved 1114112K
  class space    used 6218K, committed 6592K, reserved 1048576K
}
Event: 4.395 GC heap after
{Heap after GC invocations=24 (full 0):
 garbage-first heap   total 415744K, used 132359K [0x00000000c0000000, 0x0000000100000000)
  region size 1024K, 19 young (19456K), 19 survivors (19456K)
 Metaspace       used 52933K, committed 53696K, reserved 1114112K
  class space    used 6218K, committed 6592K, reserved 1048576K
}
Event: 4.500 GC heap before
{Heap before GC invocations=24 (full 0):
 garbage-first heap   total 415744K, used 337159K [0x00000000c0000000, 0x0000000100000000)
  region size 1024K, 220 young (225280K), 19 survivors (19456K)
 Metaspace       used 53158K, committed 53888K, reserved 1114112K
  class space    used 6247K, committed 6592K, reserved 1048576K
}
Event: 4.512 GC heap after
{Heap after GC invocations=25 (full 0):
 garbage-first heap   total 415744K, used 140631K [0x00000000c0000000, 0x0000000100000000)
  region size 1024K, 18 young (18432K), 18 survivors (18432K)
 Metaspace       used 53158K, committed 53888K, reserved 1114112K
  class space    used 6247K, committed 6592K, reserved 1048576K
}
Event: 4.604 GC heap before
{Heap before GC invocations=25 (full 0):
 garbage-first heap   total 415744K, used 343383K [0x00000000c0000000, 0x0000000100000000)
  region size 1024K, 217 young (222208K), 18 survivors (18432K)
 Metaspace       used 53333K, committed 54080K, reserved 1114112K
  class space    used 6270K, committed 6656K, reserved 1048576K
}
Event: 4.622 GC heap after
{Heap after GC invocations=26 (full 0):
 garbage-first heap   total 510976K, used 149020K [0x00000000c0000000, 0x0000000100000000)
  region size 1024K, 17 young (17408K), 17 survivors (17408K)
 Metaspace       used 53333K, committed 54080K, reserved 1114112K
  class space    used 6270K, committed 6656K, reserved 1048576K
}
Event: 4.928 GC heap before
{Heap before GC invocations=26 (full 0):
 garbage-first heap   total 510976K, used 424476K [0x00000000c0000000, 0x0000000100000000)
  region size 1024K, 287 young (293888K), 17 survivors (17408K)
 Metaspace       used 56262K, committed 57024K, reserved 1114112K
  class space    used 6634K, committed 6976K, reserved 1048576K
}
Event: 4.945 GC heap after
{Heap after GC invocations=27 (full 0):
 garbage-first heap   total 510976K, used 169304K [0x00000000c0000000, 0x0000000100000000)
  region size 1024K, 36 young (36864K), 36 survivors (36864K)
 Metaspace       used 56262K, committed 57024K, reserved 1114112K
  class space    used 6634K, committed 6976K, reserved 1048576K
}
Event: 5.221 GC heap before
{Heap before GC invocations=27 (full 0):
 garbage-first heap   total 510976K, used 414040K [0x00000000c0000000, 0x0000000100000000)
  region size 1024K, 276 young (282624K), 36 survivors (36864K)
 Metaspace       used 57852K, committed 58624K, reserved 1114112K
  class space    used 6797K, committed 7168K, reserved 1048576K
}
Event: 5.259 GC heap after
{Heap after GC invocations=28 (full 0):
 garbage-first heap   total 510976K, used 182501K [0x00000000c0000000, 0x0000000100000000)
  region size 1024K, 15 young (15360K), 15 survivors (15360K)
 Metaspace       used 57852K, committed 58624K, reserved 1114112K
  class space    used 6797K, committed 7168K, reserved 1048576K
}
Event: 5.532 GC heap before
{Heap before GC invocations=28 (full 0):
 garbage-first heap   total 510976K, used 420069K [0x00000000c0000000, 0x0000000100000000)
  region size 1024K, 247 young (252928K), 15 survivors (15360K)
 Metaspace       used 58206K, committed 59008K, reserved 1114112K
  class space    used 6842K, committed 7232K, reserved 1048576K
}
Event: 5.543 GC heap after
{Heap after GC invocations=29 (full 0):
 garbage-first heap   total 510976K, used 193065K [0x00000000c0000000, 0x0000000100000000)
  region size 1024K, 24 young (24576K), 24 survivors (24576K)
 Metaspace       used 58206K, committed 59008K, reserved 1114112K
  class space    used 6842K, committed 7232K, reserved 1048576K
}
Event: 5.838 GC heap before
{Heap before GC invocations=29 (full 0):
 garbage-first heap   total 510976K, used 424489K [0x00000000c0000000, 0x0000000100000000)
  region size 1024K, 251 young (257024K), 24 survivors (24576K)
 Metaspace       used 58206K, committed 59008K, reserved 1114112K
  class space    used 6842K, committed 7232K, reserved 1048576K
}
Event: 5.856 GC heap after
{Heap after GC invocations=30 (full 0):
 garbage-first heap   total 510976K, used 206514K [0x00000000c0000000, 0x0000000100000000)
  region size 1024K, 25 young (25600K), 25 survivors (25600K)
 Metaspace       used 58206K, committed 59008K, reserved 1114112K
  class space    used 6842K, committed 7232K, reserved 1048576K
}
Event: 6.178 GC heap before
{Heap before GC invocations=30 (full 0):
 garbage-first heap   total 510976K, used 425650K [0x00000000c0000000, 0x0000000100000000)
  region size 1024K, 240 young (245760K), 25 survivors (25600K)
 Metaspace       used 58797K, committed 59584K, reserved 1114112K
  class space    used 6898K, committed 7296K, reserved 1048576K
}
Event: 6.195 GC heap after
{Heap after GC invocations=31 (full 0):
 garbage-first heap   total 510976K, used 217220K [0x00000000c0000000, 0x0000000100000000)
  region size 1024K, 24 young (24576K), 24 survivors (24576K)
 Metaspace       used 58797K, committed 59584K, reserved 1114112K
  class space    used 6898K, committed 7296K, reserved 1048576K
}
Event: 6.292 GC heap before
{Heap before GC invocations=31 (full 0):
 garbage-first heap   total 510976K, used 333956K [0x00000000c0000000, 0x0000000100000000)
  region size 1024K, 105 young (107520K), 24 survivors (24576K)
 Metaspace       used 58843K, committed 59648K, reserved 1114112K
  class space    used 6905K, committed 7296K, reserved 1048576K
}
Event: 6.305 GC heap after
{Heap after GC invocations=32 (full 0):
 garbage-first heap   total 510976K, used 222637K [0x00000000c0000000, 0x0000000100000000)
  region size 1024K, 15 young (15360K), 15 survivors (15360K)
 Metaspace       used 58843K, committed 59648K, reserved 1114112K
  class space    used 6905K, committed 7296K, reserved 1048576K
}

