# JRE version: OpenJDK Runtime Environment Temurin-19.0.1+10 (19.0.1+10) (build 19.0.1+10)
# Java VM: OpenJDK 64-Bit Server VM Temurin-19.0.1+10 (19.0.1+10, mixed mode, emulated-client, tiered, compressed oops, compressed class ptrs, g1 gc, windows-amd64)
GC Precious Log:
 CardTable entry size: 512
 Card Set container configuration: InlinePtr #cards 5 size 8 Array Of Cards #cards 12 size 40 Howl #buckets 4 coarsen threshold 1843 Howl Bitmap #cards 512 size 80 coarsen threshold 460 Card regions per heap region 1 cards per card region 2048
 CPUs: 8 total, 8 available
 Memory: 8073M
 Large Page Support: Disabled
 NUMA Support: Disabled
 Compressed Oops: Enabled (32-bit)
 Heap Region Size: 1M
 Heap Min Capacity: 8M
 Heap Initial Capacity: 128M
 Heap Max Capacity: 1G
 Pre-touch: Disabled
 Parallel Workers: 8
 Concurrent Workers: 2
 Concurrent Refinement Workers: 8
 Periodic GC: Disabled
Heap:
 garbage-first heap   total 612352K, used 217906K [0x00000000c0000000, 0x0000000100000000)
  region size 1024K, 15 young (15360K), 15 survivors (15360K)
 Metaspace       used 58091K, committed 58944K, reserved 1114112K
  class space    used 6815K, committed 7232K, reserved 1048576K
GC Heap History (20 events):
Event: 15.333 GC heap after
{Heap after GC invocations=27 (full 0):
 garbage-first heap   total 436224K, used 104448K [0x00000000c0000000, 0x0000000100000000)
  region size 1024K, 25 young (25600K), 25 survivors (25600K)
 Metaspace       used 43784K, committed 44416K, reserved 1114112K
  class space    used 5281K, committed 5568K, reserved 1048576K
}
Event: 15.487 GC heap before
{Heap before GC invocations=27 (full 0):
 garbage-first heap   total 436224K, used 338944K [0x00000000c0000000, 0x0000000100000000)
  region size 1024K, 255 young (261120K), 25 survivors (25600K)
 Metaspace       used 44949K, committed 45568K, reserved 1114112K
  class space    used 5353K, committed 5632K, reserved 1048576K
}
Event: 15.500 GC heap after
{Heap after GC invocations=28 (full 0):
 garbage-first heap   total 436224K, used 116171K [0x00000000c0000000, 0x0000000100000000)
  region size 1024K, 22 young (22528K), 22 survivors (22528K)
 Metaspace       used 44949K, committed 45568K, reserved 1114112K
  class space    used 5353K, committed 5632K, reserved 1048576K
}
Event: 15.676 GC heap before
{Heap before GC invocations=28 (full 0):
 garbage-first heap   total 436224K, used 348619K [0x00000000c0000000, 0x0000000100000000)
  region size 1024K, 250 young (256000K), 22 survivors (22528K)
 Metaspace       used 46086K, committed 46720K, reserved 1114112K
  class space    used 5487K, committed 5760K, reserved 1048576K
}
Event: 15.687 GC heap after
{Heap after GC invocations=29 (full 0):
 garbage-first heap   total 436224K, used 124904K [0x00000000c0000000, 0x0000000100000000)
  region size 1024K, 20 young (20480K), 20 survivors (20480K)
 Metaspace       used 46086K, committed 46720K, reserved 1114112K
  class space    used 5487K, committed 5760K, reserved 1048576K
}
Event: 15.846 GC heap before
{Heap before GC invocations=29 (full 0):
 garbage-first heap   total 436224K, used 356328K [0x00000000c0000000, 0x0000000100000000)
  region size 1024K, 247 young (252928K), 20 survivors (20480K)
 Metaspace       used 47665K, committed 48384K, reserved 1114112K
  class space    used 5683K, committed 6016K, reserved 1048576K
}
Event: 15.858 GC heap after
{Heap after GC invocations=30 (full 0):
 garbage-first heap   total 436224K, used 135755K [0x00000000c0000000, 0x0000000100000000)
  region size 1024K, 20 young (20480K), 20 survivors (20480K)
 Metaspace       used 47665K, committed 48384K, reserved 1114112K
  class space    used 5683K, committed 6016K, reserved 1048576K
}
Event: 16.110 GC heap before
{Heap before GC invocations=30 (full 0):
 garbage-first heap   total 436224K, used 357963K [0x00000000c0000000, 0x0000000100000000)
  region size 1024K, 238 young (243712K), 20 survivors (20480K)
 Metaspace       used 49111K, committed 49792K, reserved 1114112K
  class space    used 5846K, committed 6208K, reserved 1048576K
}
Event: 16.140 GC heap after
{Heap after GC invocations=31 (full 0):
 garbage-first heap   total 436224K, used 150401K [0x00000000c0000000, 0x0000000100000000)
  region size 1024K, 25 young (25600K), 25 survivors (25600K)
 Metaspace       used 49111K, committed 49792K, reserved 1114112K
  class space    used 5846K, committed 6208K, reserved 1048576K
}
Event: 16.268 GC heap before
{Heap before GC invocations=31 (full 0):
 garbage-first heap   total 436224K, used 359297K [0x00000000c0000000, 0x0000000100000000)
  region size 1024K, 230 young (235520K), 25 survivors (25600K)
 Metaspace       used 49111K, committed 49792K, reserved 1114112K
  class space    used 5846K, committed 6208K, reserved 1048576K
}
Event: 16.283 GC heap after
{Heap after GC invocations=32 (full 0):
 garbage-first heap   total 612352K, used 165888K [0x00000000c0000000, 0x0000000100000000)
  region size 1024K, 29 young (29696K), 29 survivors (29696K)
 Metaspace       used 49111K, committed 49792K, reserved 1114112K
  class space    used 5846K, committed 6208K, reserved 1048576K
}
Event: 17.279 GC heap before
{Heap before GC invocations=32 (full 0):
 garbage-first heap   total 612352K, used 499712K [0x00000000c0000000, 0x0000000100000000)
  region size 1024K, 355 young (363520K), 29 survivors (29696K)
 Metaspace       used 55408K, committed 56128K, reserved 1114112K
  class space    used 6487K, committed 6848K, reserved 1048576K
}
Event: 17.401 GC heap after
{Heap after GC invocations=33 (full 0):
 garbage-first heap   total 612352K, used 184827K [0x00000000c0000000, 0x0000000100000000)
  region size 1024K, 33 young (33792K), 33 survivors (33792K)
 Metaspace       used 55408K, committed 56128K, reserved 1114112K
  class space    used 6487K, committed 6848K, reserved 1048576K
}
Event: 17.911 GC heap before
{Heap before GC invocations=33 (full 0):
 garbage-first heap   total 612352K, used 496123K [0x00000000c0000000, 0x0000000100000000)
  region size 1024K, 338 young (346112K), 33 survivors (33792K)
 Metaspace       used 57754K, committed 58496K, reserved 1114112K
  class space    used 6781K, committed 7168K, reserved 1048576K
}
Event: 17.948 GC heap after
{Heap after GC invocations=34 (full 0):
 garbage-first heap   total 612352K, used 202536K [0x00000000c0000000, 0x0000000100000000)
  region size 1024K, 36 young (36864K), 36 survivors (36864K)
 Metaspace       used 57754K, committed 58496K, reserved 1114112K
  class space    used 6781K, committed 7168K, reserved 1048576K
}
Event: 18.461 GC heap before
{Heap before GC invocations=34 (full 0):
 garbage-first heap   total 612352K, used 501544K [0x00000000c0000000, 0x0000000100000000)
  region size 1024K, 330 young (337920K), 36 survivors (36864K)
 Metaspace       used 57828K, committed 58560K, reserved 1114112K
  class space    used 6790K, committed 7168K, reserved 1048576K
}
Event: 18.577 GC heap after
{Heap after GC invocations=35 (full 0):
 garbage-first heap   total 612352K, used 215370K [0x00000000c0000000, 0x0000000100000000)
  region size 1024K, 30 young (30720K), 30 survivors (30720K)
 Metaspace       used 57828K, committed 58560K, reserved 1114112K
  class space    used 6790K, committed 7168K, reserved 1048576K
}
Event: 18.643 GC heap before
{Heap before GC invocations=35 (full 0):
 garbage-first heap   total 612352K, used 286026K [0x00000000c0000000, 0x0000000100000000)
  region size 1024K, 75 young (76800K), 30 survivors (30720K)
 Metaspace       used 58086K, committed 58880K, reserved 1114112K
  class space    used 6815K, committed 7232K, reserved 1048576K
}
Event: 18.661 GC heap after
{Heap after GC invocations=36 (full 0):
 garbage-first heap   total 612352K, used 218930K [0x00000000c0000000, 0x0000000100000000)
  region size 1024K, 16 young (16384K), 16 survivors (16384K)
 Metaspace       used 58086K, committed 58880K, reserved 1114112K
  class space    used 6815K, committed 7232K, reserved 1048576K
}
Event: 18.663 GC heap before
{Heap before GC invocations=36 (full 0):
 garbage-first heap   total 612352K, used 223026K [0x00000000c0000000, 0x0000000100000000)
  region size 1024K, 20 young (20480K), 16 survivors (16384K)
 Metaspace       used 58091K, committed 58944K, reserved 1114112K
  class space    used 6815K, committed 7232K, reserved 1048576K
}

