# JRE version: OpenJDK Runtime Environment Temurin-19.0.1+10 (19.0.1+10) (build 19.0.1+10)
# Java VM: OpenJDK 64-Bit Server VM Temurin-19.0.1+10 (19.0.1+10, mixed mode, emulated-client, tiered, compressed oops, compressed class ptrs, g1 gc, windows-amd64)
GC Precious Log:
 CardTable entry size: 512
 Card Set container configuration: InlinePtr #cards 5 size 8 Array Of Cards #cards 12 size 40 Howl #buckets 4 coarsen threshold 1843 Howl Bitmap #cards 512 size 80 coarsen threshold 460 Card regions per heap region 1 cards per card region 2048
 CPUs: 8 total, 8 available
 Memory: 8073M
 Large Page Support: Disabled
 NUMA Support: Disabled
 Compressed Oops: Enabled (32-bit)
 Heap Region Size: 1M
 Heap Min Capacity: 8M
 Heap Initial Capacity: 128M
 Heap Max Capacity: 1G
 Pre-touch: Disabled
 Parallel Workers: 8
 Concurrent Workers: 2
 Concurrent Refinement Workers: 8
 Periodic GC: Disabled
Heap:
 garbage-first heap   total 547840K, used 378534K [0x00000000c0000000, 0x0000000100000000)
  region size 1024K, 4 young (4096K), 4 survivors (4096K)
 Metaspace       used 59653K, committed 60608K, reserved 1114112K
  class space    used 6998K, committed 7424K, reserved 1048576K
GC Heap History (20 events):
Event: 9.625 GC heap after
{Heap after GC invocations=34 (full 0):
 garbage-first heap   total 542720K, used 243013K [0x00000000c0000000, 0x0000000100000000)
  region size 1024K, 23 young (23552K), 23 survivors (23552K)
 Metaspace       used 59531K, committed 60288K, reserved 1114112K
  class space    used 7003K, committed 7360K, reserved 1048576K
}
Event: 9.991 GC heap before
{Heap before GC invocations=34 (full 0):
 garbage-first heap   total 542720K, used 385349K [0x00000000c0000000, 0x0000000100000000)
  region size 1024K, 164 young (167936K), 23 survivors (23552K)
 Metaspace       used 59723K, committed 60480K, reserved 1114112K
  class space    used 7027K, committed 7424K, reserved 1048576K
}
Event: 10.005 GC heap after
{Heap after GC invocations=35 (full 0):
 garbage-first heap   total 542720K, used 251238K [0x00000000c0000000, 0x0000000100000000)
  region size 1024K, 19 young (19456K), 19 survivors (19456K)
 Metaspace       used 59723K, committed 60480K, reserved 1114112K
  class space    used 7027K, committed 7424K, reserved 1048576K
}
Event: 10.624 GC heap before
{Heap before GC invocations=36 (full 0):
 garbage-first heap   total 546816K, used 460134K [0x00000000c0000000, 0x0000000100000000)
  region size 1024K, 223 young (228352K), 19 survivors (19456K)
 Metaspace       used 59559K, committed 60608K, reserved 1114112K
  class space    used 6985K, committed 7424K, reserved 1048576K
}
Event: 10.647 GC heap after
{Heap after GC invocations=37 (full 0):
 garbage-first heap   total 546816K, used 262668K [0x00000000c0000000, 0x0000000100000000)
  region size 1024K, 19 young (19456K), 19 survivors (19456K)
 Metaspace       used 59559K, committed 60608K, reserved 1114112K
  class space    used 6985K, committed 7424K, reserved 1048576K
}
Event: 10.664 GC heap before
{Heap before GC invocations=37 (full 0):
 garbage-first heap   total 546816K, used 268812K [0x00000000c0000000, 0x0000000100000000)
  region size 1024K, 26 young (26624K), 19 survivors (19456K)
 Metaspace       used 59559K, committed 60608K, reserved 1114112K
  class space    used 6985K, committed 7424K, reserved 1048576K
}
Event: 10.676 GC heap after
{Heap after GC invocations=38 (full 0):
 garbage-first heap   total 546816K, used 259261K [0x00000000c0000000, 0x0000000100000000)
  region size 1024K, 3 young (3072K), 3 survivors (3072K)
 Metaspace       used 59559K, committed 60608K, reserved 1114112K
  class space    used 6985K, committed 7424K, reserved 1048576K
}
Event: 11.367 GC heap before
{Heap before GC invocations=38 (full 0):
 garbage-first heap   total 546816K, used 463037K [0x00000000c0000000, 0x0000000100000000)
  region size 1024K, 203 young (207872K), 3 survivors (3072K)
 Metaspace       used 59559K, committed 60608K, reserved 1114112K
  class space    used 6985K, committed 7424K, reserved 1048576K
}
Event: 11.375 GC heap after
{Heap after GC invocations=39 (full 0):
 garbage-first heap   total 546816K, used 268190K [0x00000000c0000000, 0x0000000100000000)
  region size 1024K, 12 young (12288K), 12 survivors (12288K)
 Metaspace       used 59559K, committed 60608K, reserved 1114112K
  class space    used 6985K, committed 7424K, reserved 1048576K
}
Event: 11.760 GC heap before
{Heap before GC invocations=40 (full 0):
 garbage-first heap   total 547840K, used 462750K [0x00000000c0000000, 0x0000000100000000)
  region size 1024K, 204 young (208896K), 12 survivors (12288K)
 Metaspace       used 59559K, committed 60608K, reserved 1114112K
  class space    used 6985K, committed 7424K, reserved 1048576K
}
Event: 11.769 GC heap after
{Heap after GC invocations=41 (full 0):
 garbage-first heap   total 547840K, used 277054K [0x00000000c0000000, 0x0000000100000000)
  region size 1024K, 22 young (22528K), 22 survivors (22528K)
 Metaspace       used 59559K, committed 60608K, reserved 1114112K
  class space    used 6985K, committed 7424K, reserved 1048576K
}
Event: 11.774 GC heap before
{Heap before GC invocations=41 (full 0):
 garbage-first heap   total 547840K, used 281150K [0x00000000c0000000, 0x0000000100000000)
  region size 1024K, 26 young (26624K), 22 survivors (22528K)
 Metaspace       used 59559K, committed 60608K, reserved 1114112K
  class space    used 6985K, committed 7424K, reserved 1048576K
}
Event: 11.786 GC heap after
{Heap after GC invocations=42 (full 0):
 garbage-first heap   total 547840K, used 275734K [0x00000000c0000000, 0x0000000100000000)
  region size 1024K, 3 young (3072K), 3 survivors (3072K)
 Metaspace       used 59559K, committed 60608K, reserved 1114112K
  class space    used 6985K, committed 7424K, reserved 1048576K
}
Event: 12.197 GC heap before
{Heap before GC invocations=42 (full 0):
 garbage-first heap   total 547840K, used 466198K [0x00000000c0000000, 0x0000000100000000)
  region size 1024K, 190 young (194560K), 3 survivors (3072K)
 Metaspace       used 59559K, committed 60608K, reserved 1114112K
  class space    used 6985K, committed 7424K, reserved 1048576K
}
Event: 12.203 GC heap after
{Heap after GC invocations=43 (full 0):
 garbage-first heap   total 547840K, used 282814K [0x00000000c0000000, 0x0000000100000000)
  region size 1024K, 10 young (10240K), 10 survivors (10240K)
 Metaspace       used 59559K, committed 60608K, reserved 1114112K
  class space    used 6985K, committed 7424K, reserved 1048576K
}
Event: 12.683 GC heap before
{Heap before GC invocations=43 (full 0):
 garbage-first heap   total 547840K, used 469182K [0x00000000c0000000, 0x0000000100000000)
  region size 1024K, 191 young (195584K), 10 survivors (10240K)
 Metaspace       used 59653K, committed 60608K, reserved 1114112K
  class space    used 6998K, committed 7424K, reserved 1048576K
}
Event: 12.731 GC heap after
{Heap after GC invocations=44 (full 0):
 garbage-first heap   total 547840K, used 342994K [0x00000000c0000000, 0x0000000100000000)
  region size 1024K, 24 young (24576K), 24 survivors (24576K)
 Metaspace       used 59653K, committed 60608K, reserved 1114112K
  class space    used 6998K, committed 7424K, reserved 1048576K
}
Event: 12.977 GC heap before
{Heap before GC invocations=44 (full 0):
 garbage-first heap   total 547840K, used 440274K [0x00000000c0000000, 0x0000000100000000)
  region size 1024K, 118 young (120832K), 24 survivors (24576K)
 Metaspace       used 59653K, committed 60608K, reserved 1114112K
  class space    used 6998K, committed 7424K, reserved 1048576K
}
Event: 13.047 GC heap after
{Heap after GC invocations=45 (full 0):
 garbage-first heap   total 547840K, used 372070K [0x00000000c0000000, 0x0000000100000000)
  region size 1024K, 15 young (15360K), 15 survivors (15360K)
 Metaspace       used 59653K, committed 60608K, reserved 1114112K
  class space    used 6998K, committed 7424K, reserved 1048576K
}
Event: 13.113 GC heap before
{Heap before GC invocations=45 (full 0):
 garbage-first heap   total 547840K, used 447846K [0x00000000c0000000, 0x0000000100000000)
  region size 1024K, 90 young (92160K), 15 survivors (15360K)
 Metaspace       used 59653K, committed 60608K, reserved 1114112K
  class space    used 6998K, committed 7424K, reserved 1048576K
}

