# JRE version: OpenJDK Runtime Environment Temurin-19.0.1+10 (19.0.1+10) (build 19.0.1+10)
# Java VM: OpenJDK 64-Bit Server VM Temurin-19.0.1+10 (19.0.1+10, mixed mode, emulated-client, tiered, compressed oops, compressed class ptrs, g1 gc, windows-amd64)
GC Precious Log:
 CardTable entry size: 512
 Card Set container configuration: InlinePtr #cards 5 size 8 Array Of Cards #cards 12 size 40 Howl #buckets 4 coarsen threshold 1843 Howl Bitmap #cards 512 size 80 coarsen threshold 460 Card regions per heap region 1 cards per card region 2048
 CPUs: 8 total, 8 available
 Memory: 8073M
 Large Page Support: Disabled
 NUMA Support: Disabled
 Compressed Oops: Enabled (32-bit)
 Heap Region Size: 1M
 Heap Min Capacity: 8M
 Heap Initial Capacity: 128M
 Heap Max Capacity: 1G
 Pre-touch: Disabled
 Parallel Workers: 8
 Concurrent Workers: 2
 Concurrent Refinement Workers: 8
 Periodic GC: Disabled
Heap:
 garbage-first heap   total 163840K, used 48793K [0x00000000c0000000, 0x0000000100000000)
  region size 1024K, 1 young (1024K), 0 survivors (0K)
 Metaspace       used 71173K, committed 72064K, reserved 1114112K
  class space    used 9044K, committed 9408K, reserved 1048576K
GC Heap History (20 events):
Event: 83274.248 GC heap after
{Heap after GC invocations=2661 (full 2504):
 garbage-first heap   total 163840K, used 48793K [0x00000000c0000000, 0x0000000100000000)
  region size 1024K, 0 young (0K), 0 survivors (0K)
 Metaspace       used 71173K, committed 72064K, reserved 1114112K
  class space    used 9044K, committed 9408K, reserved 1048576K
}
Event: 83284.474 GC heap before
{Heap before GC invocations=2661 (full 2504):
 garbage-first heap   total 163840K, used 48793K [0x00000000c0000000, 0x0000000100000000)
  region size 1024K, 1 young (1024K), 0 survivors (0K)
 Metaspace       used 71173K, committed 72064K, reserved 1114112K
  class space    used 9044K, committed 9408K, reserved 1048576K
}
Event: 83284.532 GC heap after
{Heap after GC invocations=2662 (full 2505):
 garbage-first heap   total 163840K, used 48793K [0x00000000c0000000, 0x0000000100000000)
  region size 1024K, 0 young (0K), 0 survivors (0K)
 Metaspace       used 71173K, committed 72064K, reserved 1114112K
  class space    used 9044K, committed 9408K, reserved 1048576K
}
Event: 83294.706 GC heap before
{Heap before GC invocations=2662 (full 2505):
 garbage-first heap   total 163840K, used 48793K [0x00000000c0000000, 0x0000000100000000)
  region size 1024K, 1 young (1024K), 0 survivors (0K)
 Metaspace       used 71173K, committed 72064K, reserved 1114112K
  class space    used 9044K, committed 9408K, reserved 1048576K
}
Event: 83294.755 GC heap after
{Heap after GC invocations=2663 (full 2506):
 garbage-first heap   total 163840K, used 48793K [0x00000000c0000000, 0x0000000100000000)
  region size 1024K, 0 young (0K), 0 survivors (0K)
 Metaspace       used 71173K, committed 72064K, reserved 1114112K
  class space    used 9044K, committed 9408K, reserved 1048576K
}
Event: 83304.937 GC heap before
{Heap before GC invocations=2663 (full 2506):
 garbage-first heap   total 163840K, used 48793K [0x00000000c0000000, 0x0000000100000000)
  region size 1024K, 1 young (1024K), 0 survivors (0K)
 Metaspace       used 71173K, committed 72064K, reserved 1114112K
  class space    used 9044K, committed 9408K, reserved 1048576K
}
Event: 83304.991 GC heap after
{Heap after GC invocations=2664 (full 2507):
 garbage-first heap   total 163840K, used 48793K [0x00000000c0000000, 0x0000000100000000)
  region size 1024K, 0 young (0K), 0 survivors (0K)
 Metaspace       used 71173K, committed 72064K, reserved 1114112K
  class space    used 9044K, committed 9408K, reserved 1048576K
}
Event: 83315.165 GC heap before
{Heap before GC invocations=2664 (full 2507):
 garbage-first heap   total 163840K, used 48793K [0x00000000c0000000, 0x0000000100000000)
  region size 1024K, 1 young (1024K), 0 survivors (0K)
 Metaspace       used 71173K, committed 72064K, reserved 1114112K
  class space    used 9044K, committed 9408K, reserved 1048576K
}
Event: 83315.214 GC heap after
{Heap after GC invocations=2665 (full 2508):
 garbage-first heap   total 163840K, used 48793K [0x00000000c0000000, 0x0000000100000000)
  region size 1024K, 0 young (0K), 0 survivors (0K)
 Metaspace       used 71173K, committed 72064K, reserved 1114112K
  class space    used 9044K, committed 9408K, reserved 1048576K
}
Event: 83325.677 GC heap before
{Heap before GC invocations=2665 (full 2508):
 garbage-first heap   total 163840K, used 48793K [0x00000000c0000000, 0x0000000100000000)
  region size 1024K, 1 young (1024K), 0 survivors (0K)
 Metaspace       used 71173K, committed 72064K, reserved 1114112K
  class space    used 9044K, committed 9408K, reserved 1048576K
}
Event: 83325.749 GC heap after
{Heap after GC invocations=2666 (full 2509):
 garbage-first heap   total 163840K, used 48793K [0x00000000c0000000, 0x0000000100000000)
  region size 1024K, 0 young (0K), 0 survivors (0K)
 Metaspace       used 71173K, committed 72064K, reserved 1114112K
  class space    used 9044K, committed 9408K, reserved 1048576K
}
Event: 83335.920 GC heap before
{Heap before GC invocations=2666 (full 2509):
 garbage-first heap   total 163840K, used 48793K [0x00000000c0000000, 0x0000000100000000)
  region size 1024K, 1 young (1024K), 0 survivors (0K)
 Metaspace       used 71173K, committed 72064K, reserved 1114112K
  class space    used 9044K, committed 9408K, reserved 1048576K
}
Event: 83335.975 GC heap after
{Heap after GC invocations=2667 (full 2510):
 garbage-first heap   total 163840K, used 48793K [0x00000000c0000000, 0x0000000100000000)
  region size 1024K, 0 young (0K), 0 survivors (0K)
 Metaspace       used 71173K, committed 72064K, reserved 1114112K
  class space    used 9044K, committed 9408K, reserved 1048576K
}
Event: 83346.296 GC heap before
{Heap before GC invocations=2667 (full 2510):
 garbage-first heap   total 163840K, used 48793K [0x00000000c0000000, 0x0000000100000000)
  region size 1024K, 1 young (1024K), 0 survivors (0K)
 Metaspace       used 71173K, committed 72064K, reserved 1114112K
  class space    used 9044K, committed 9408K, reserved 1048576K
}
Event: 83346.372 GC heap after
{Heap after GC invocations=2668 (full 2511):
 garbage-first heap   total 163840K, used 48793K [0x00000000c0000000, 0x0000000100000000)
  region size 1024K, 0 young (0K), 0 survivors (0K)
 Metaspace       used 71173K, committed 72064K, reserved 1114112K
  class space    used 9044K, committed 9408K, reserved 1048576K
}
Event: 83356.533 GC heap before
{Heap before GC invocations=2668 (full 2511):
 garbage-first heap   total 163840K, used 48793K [0x00000000c0000000, 0x0000000100000000)
  region size 1024K, 1 young (1024K), 0 survivors (0K)
 Metaspace       used 71173K, committed 72064K, reserved 1114112K
  class space    used 9044K, committed 9408K, reserved 1048576K
}
Event: 83356.578 GC heap after
{Heap after GC invocations=2669 (full 2512):
 garbage-first heap   total 163840K, used 48793K [0x00000000c0000000, 0x0000000100000000)
  region size 1024K, 0 young (0K), 0 survivors (0K)
 Metaspace       used 71173K, committed 72064K, reserved 1114112K
  class space    used 9044K, committed 9408K, reserved 1048576K
}
Event: 83366.732 GC heap before
{Heap before GC invocations=2669 (full 2512):
 garbage-first heap   total 163840K, used 48793K [0x00000000c0000000, 0x0000000100000000)
  region size 1024K, 1 young (1024K), 0 survivors (0K)
 Metaspace       used 71173K, committed 72064K, reserved 1114112K
  class space    used 9044K, committed 9408K, reserved 1048576K
}
Event: 83366.784 GC heap after
{Heap after GC invocations=2670 (full 2513):
 garbage-first heap   total 163840K, used 48793K [0x00000000c0000000, 0x0000000100000000)
  region size 1024K, 0 young (0K), 0 survivors (0K)
 Metaspace       used 71173K, committed 72064K, reserved 1114112K
  class space    used 9044K, committed 9408K, reserved 1048576K
}
Event: 83377.023 GC heap before
{Heap before GC invocations=2670 (full 2513):
 garbage-first heap   total 163840K, used 48793K [0x00000000c0000000, 0x0000000100000000)
  region size 1024K, 1 young (1024K), 0 survivors (0K)
 Metaspace       used 71173K, committed 72064K, reserved 1114112K
  class space    used 9044K, committed 9408K, reserved 1048576K
}

