# JRE version: OpenJDK Runtime Environment Temurin-17.0.7+7 (17.0.7+7) (build 17.0.7+7)
# Java VM: OpenJDK 64-Bit Server VM Temurin-17.0.7+7 (17.0.7+7, mixed mode, emulated-client, tiered, compressed oops, compressed class ptrs, g1 gc, windows-amd64)
GC Precious Log:
 CPUs: 8 total, 8 available
 Memory: 8073M
 Large Page Support: Disabled
 NUMA Support: Disabled
 Compressed Oops: Enabled (32-bit)
 Heap Region Size: 1M
 Heap Min Capacity: 8M
 Heap Initial Capacity: 128M
 Heap Max Capacity: 1G
 Pre-touch: Disabled
 Parallel Workers: 8
 Concurrent Workers: 2
 Concurrent Refinement Workers: 8
 Periodic GC: Disabled
Heap:
 garbage-first heap   total 544768K, used 360900K [0x00000000c0000000, 0x0000000100000000)
  region size 1024K, 19 young (19456K), 19 survivors (19456K)
 Metaspace       used 47483K, committed 47936K, reserved 1114112K
  class space    used 5992K, committed 6208K, reserved 1048576K
GC Heap History (20 events):
Event: 26.356 GC heap after
{Heap after GC invocations=41 (full 0):
 garbage-first heap   total 474112K, used 232651K [0x00000000c0000000, 0x0000000100000000)
  region size 1024K, 17 young (17408K), 17 survivors (17408K)
 Metaspace       used 44773K, committed 45184K, reserved 1114112K
  class space    used 5644K, committed 5824K, reserved 1048576K
}
Event: 26.614 GC heap before
{Heap before GC invocations=41 (full 0):
 garbage-first heap   total 474112K, used 342219K [0x00000000c0000000, 0x0000000100000000)
  region size 1024K, 126 young (129024K), 17 survivors (17408K)
 Metaspace       used 44780K, committed 45248K, reserved 1114112K
  class space    used 5645K, committed 5888K, reserved 1048576K
}
Event: 26.623 GC heap after
{Heap after GC invocations=42 (full 0):
 garbage-first heap   total 474112K, used 239832K [0x00000000c0000000, 0x0000000100000000)
  region size 1024K, 15 young (15360K), 15 survivors (15360K)
 Metaspace       used 44780K, committed 45248K, reserved 1114112K
  class space    used 5645K, committed 5888K, reserved 1048576K
}
Event: 26.993 GC heap before
{Heap before GC invocations=43 (full 0):
 garbage-first heap   total 510976K, used 400600K [0x00000000c0000000, 0x0000000100000000)
  region size 1024K, 172 young (176128K), 15 survivors (15360K)
 Metaspace       used 44967K, committed 45440K, reserved 1114112K
  class space    used 5672K, committed 5952K, reserved 1048576K
}
Event: 27.005 GC heap after
{Heap after GC invocations=44 (full 0):
 garbage-first heap   total 510976K, used 249284K [0x00000000c0000000, 0x0000000100000000)
  region size 1024K, 15 young (15360K), 15 survivors (15360K)
 Metaspace       used 44967K, committed 45440K, reserved 1114112K
  class space    used 5672K, committed 5952K, reserved 1048576K
}
Event: 27.028 GC heap before
{Heap before GC invocations=44 (full 0):
 garbage-first heap   total 510976K, used 257476K [0x00000000c0000000, 0x0000000100000000)
  region size 1024K, 24 young (24576K), 15 survivors (15360K)
 Metaspace       used 45057K, committed 45568K, reserved 1114112K
  class space    used 5683K, committed 5952K, reserved 1048576K
}
Event: 27.060 GC heap after
{Heap after GC invocations=45 (full 0):
 garbage-first heap   total 510976K, used 246454K [0x00000000c0000000, 0x0000000100000000)
  region size 1024K, 3 young (3072K), 3 survivors (3072K)
 Metaspace       used 45057K, committed 45568K, reserved 1114112K
  class space    used 5683K, committed 5952K, reserved 1048576K
}
Event: 27.506 GC heap before
{Heap before GC invocations=45 (full 0):
 garbage-first heap   total 510976K, used 428726K [0x00000000c0000000, 0x0000000100000000)
  region size 1024K, 182 young (186368K), 3 survivors (3072K)
 Metaspace       used 46188K, committed 46720K, reserved 1114112K
  class space    used 5838K, committed 6080K, reserved 1048576K
}
Event: 27.523 GC heap after
{Heap after GC invocations=46 (full 0):
 garbage-first heap   total 510976K, used 254759K [0x00000000c0000000, 0x0000000100000000)
  region size 1024K, 11 young (11264K), 11 survivors (11264K)
 Metaspace       used 46188K, committed 46720K, reserved 1114112K
  class space    used 5838K, committed 6080K, reserved 1048576K
}
Event: 28.167 GC heap before
{Heap before GC invocations=47 (full 0):
 garbage-first heap   total 510976K, used 429863K [0x00000000c0000000, 0x0000000100000000)
  region size 1024K, 184 young (188416K), 11 survivors (11264K)
 Metaspace       used 46733K, committed 47232K, reserved 1114112K
  class space    used 5913K, committed 6144K, reserved 1048576K
}
Event: 28.185 GC heap after
{Heap after GC invocations=48 (full 0):
 garbage-first heap   total 510976K, used 263175K [0x00000000c0000000, 0x0000000100000000)
  region size 1024K, 20 young (20480K), 20 survivors (20480K)
 Metaspace       used 46733K, committed 47232K, reserved 1114112K
  class space    used 5913K, committed 6144K, reserved 1048576K
}
Event: 28.192 GC heap before
{Heap before GC invocations=48 (full 0):
 garbage-first heap   total 510976K, used 266247K [0x00000000c0000000, 0x0000000100000000)
  region size 1024K, 24 young (24576K), 20 survivors (20480K)
 Metaspace       used 46733K, committed 47232K, reserved 1114112K
  class space    used 5913K, committed 6144K, reserved 1048576K
}
Event: 28.206 GC heap after
{Heap after GC invocations=49 (full 0):
 garbage-first heap   total 510976K, used 261530K [0x00000000c0000000, 0x0000000100000000)
  region size 1024K, 3 young (3072K), 3 survivors (3072K)
 Metaspace       used 46733K, committed 47232K, reserved 1114112K
  class space    used 5913K, committed 6144K, reserved 1048576K
}
Event: 28.514 GC heap before
{Heap before GC invocations=49 (full 0):
 garbage-first heap   total 510976K, used 432538K [0x00000000c0000000, 0x0000000100000000)
  region size 1024K, 171 young (175104K), 3 survivors (3072K)
 Metaspace       used 47303K, committed 47680K, reserved 1114112K
  class space    used 5971K, committed 6144K, reserved 1048576K
}
Event: 28.519 GC heap after
{Heap after GC invocations=50 (full 0):
 garbage-first heap   total 510976K, used 267852K [0x00000000c0000000, 0x0000000100000000)
  region size 1024K, 9 young (9216K), 9 survivors (9216K)
 Metaspace       used 47303K, committed 47680K, reserved 1114112K
  class space    used 5971K, committed 6144K, reserved 1048576K
}
Event: 29.119 GC heap before
{Heap before GC invocations=51 (full 0):
 garbage-first heap   total 544768K, used 430668K [0x00000000c0000000, 0x0000000100000000)
  region size 1024K, 169 young (173056K), 9 survivors (9216K)
 Metaspace       used 47381K, committed 47872K, reserved 1114112K
  class space    used 5980K, committed 6208K, reserved 1048576K
}
Event: 29.144 GC heap after
{Heap after GC invocations=52 (full 0):
 garbage-first heap   total 544768K, used 296106K [0x00000000c0000000, 0x0000000100000000)
  region size 1024K, 22 young (22528K), 22 survivors (22528K)
 Metaspace       used 47381K, committed 47872K, reserved 1114112K
  class space    used 5980K, committed 6208K, reserved 1048576K
}
Event: 29.161 GC heap before
{Heap before GC invocations=52 (full 0):
 garbage-first heap   total 544768K, used 300202K [0x00000000c0000000, 0x0000000100000000)
  region size 1024K, 26 young (26624K), 22 survivors (22528K)
 Metaspace       used 47381K, committed 47872K, reserved 1114112K
  class space    used 5980K, committed 6208K, reserved 1048576K
}
Event: 29.185 GC heap after
{Heap after GC invocations=53 (full 0):
 garbage-first heap   total 544768K, used 297999K [0x00000000c0000000, 0x0000000100000000)
  region size 1024K, 4 young (4096K), 4 survivors (4096K)
 Metaspace       used 47381K, committed 47872K, reserved 1114112K
  class space    used 5980K, committed 6208K, reserved 1048576K
}
Event: 29.687 GC heap before
{Heap before GC invocations=53 (full 0):
 garbage-first heap   total 544768K, used 447503K [0x00000000c0000000, 0x0000000100000000)
  region size 1024K, 147 young (150528K), 4 survivors (4096K)
 Metaspace       used 47483K, committed 47936K, reserved 1114112K
  class space    used 5992K, committed 6208K, reserved 1048576K
}

