# JRE version: OpenJDK Runtime Environment Temurin-17.0.7+7 (17.0.7+7) (build 17.0.7+7)
# Java VM: OpenJDK 64-Bit Server VM Temurin-17.0.7+7 (17.0.7+7, mixed mode, emulated-client, tiered, compressed oops, compressed class ptrs, g1 gc, windows-amd64)
GC Precious Log:
 CPUs: 8 total, 8 available
 Memory: 8073M
 Large Page Support: Disabled
 NUMA Support: Disabled
 Compressed Oops: Enabled (32-bit)
 Heap Region Size: 1M
 Heap Min Capacity: 8M
 Heap Initial Capacity: 128M
 Heap Max Capacity: 1G
 Pre-touch: Disabled
 Parallel Workers: 8
 Concurrent Workers: 2
 Concurrent Refinement Workers: 8
 Periodic GC: Disabled
Heap:
 garbage-first heap   total 285696K, used 133771K [0x00000000c0000000, 0x0000000100000000)
  region size 1024K, 6 young (6144K), 6 survivors (6144K)
 Metaspace       used 41205K, committed 41664K, reserved 1114112K
  class space    used 5208K, committed 5440K, reserved 1048576K
GC Heap History (20 events):
Event: 24.453 GC heap after
{Heap after GC invocations=30 (full 0):
 garbage-first heap   total 223232K, used 99042K [0x00000000c0000000, 0x0000000100000000)
  region size 1024K, 8 young (8192K), 8 survivors (8192K)
 Metaspace       used 40825K, committed 41280K, reserved 1114112K
  class space    used 5129K, committed 5312K, reserved 1048576K
}
Event: 24.919 GC heap before
{Heap before GC invocations=30 (full 0):
 garbage-first heap   total 223232K, used 177890K [0x00000000c0000000, 0x0000000100000000)
  region size 1024K, 86 young (88064K), 8 survivors (8192K)
 Metaspace       used 40825K, committed 41280K, reserved 1114112K
  class space    used 5130K, committed 5312K, reserved 1048576K
}
Event: 24.924 GC heap after
{Heap after GC invocations=31 (full 0):
 garbage-first heap   total 257024K, used 101526K [0x00000000c0000000, 0x0000000100000000)
  region size 1024K, 7 young (7168K), 7 survivors (7168K)
 Metaspace       used 40825K, committed 41280K, reserved 1114112K
  class space    used 5130K, committed 5312K, reserved 1048576K
}
Event: 25.067 GC heap before
{Heap before GC invocations=31 (full 0):
 garbage-first heap   total 257024K, used 206998K [0x00000000c0000000, 0x0000000100000000)
  region size 1024K, 111 young (113664K), 7 survivors (7168K)
 Metaspace       used 40825K, committed 41280K, reserved 1114112K
  class space    used 5130K, committed 5312K, reserved 1048576K
}
Event: 25.072 GC heap after
{Heap after GC invocations=32 (full 0):
 garbage-first heap   total 257024K, used 106120K [0x00000000c0000000, 0x0000000100000000)
  region size 1024K, 11 young (11264K), 11 survivors (11264K)
 Metaspace       used 40825K, committed 41280K, reserved 1114112K
  class space    used 5130K, committed 5312K, reserved 1048576K
}
Event: 25.284 GC heap before
{Heap before GC invocations=32 (full 0):
 garbage-first heap   total 257024K, used 208520K [0x00000000c0000000, 0x0000000100000000)
  region size 1024K, 112 young (114688K), 11 survivors (11264K)
 Metaspace       used 40825K, committed 41280K, reserved 1114112K
  class space    used 5130K, committed 5312K, reserved 1048576K
}
Event: 25.295 GC heap after
{Heap after GC invocations=33 (full 0):
 garbage-first heap   total 257024K, used 110937K [0x00000000c0000000, 0x0000000100000000)
  region size 1024K, 10 young (10240K), 10 survivors (10240K)
 Metaspace       used 40825K, committed 41280K, reserved 1114112K
  class space    used 5130K, committed 5312K, reserved 1048576K
}
Event: 25.529 GC heap before
{Heap before GC invocations=33 (full 0):
 garbage-first heap   total 257024K, used 211289K [0x00000000c0000000, 0x0000000100000000)
  region size 1024K, 109 young (111616K), 10 survivors (10240K)
 Metaspace       used 40825K, committed 41280K, reserved 1114112K
  class space    used 5130K, committed 5312K, reserved 1048576K
}
Event: 25.535 GC heap after
{Heap after GC invocations=34 (full 0):
 garbage-first heap   total 257024K, used 115207K [0x00000000c0000000, 0x0000000100000000)
  region size 1024K, 9 young (9216K), 9 survivors (9216K)
 Metaspace       used 40825K, committed 41280K, reserved 1114112K
  class space    used 5130K, committed 5312K, reserved 1048576K
}
Event: 25.762 GC heap before
{Heap before GC invocations=34 (full 0):
 garbage-first heap   total 257024K, used 212487K [0x00000000c0000000, 0x0000000100000000)
  region size 1024K, 105 young (107520K), 9 survivors (9216K)
 Metaspace       used 40825K, committed 41280K, reserved 1114112K
  class space    used 5130K, committed 5312K, reserved 1048576K
}
Event: 25.767 GC heap after
{Heap after GC invocations=35 (full 0):
 garbage-first heap   total 257024K, used 119466K [0x00000000c0000000, 0x0000000100000000)
  region size 1024K, 9 young (9216K), 9 survivors (9216K)
 Metaspace       used 40825K, committed 41280K, reserved 1114112K
  class space    used 5130K, committed 5312K, reserved 1048576K
}
Event: 25.935 GC heap before
{Heap before GC invocations=35 (full 0):
 garbage-first heap   total 257024K, used 214698K [0x00000000c0000000, 0x0000000100000000)
  region size 1024K, 103 young (105472K), 9 survivors (9216K)
 Metaspace       used 40825K, committed 41280K, reserved 1114112K
  class space    used 5130K, committed 5312K, reserved 1048576K
}
Event: 25.941 GC heap after
{Heap after GC invocations=36 (full 0):
 garbage-first heap   total 257024K, used 122365K [0x00000000c0000000, 0x0000000100000000)
  region size 1024K, 7 young (7168K), 7 survivors (7168K)
 Metaspace       used 40825K, committed 41280K, reserved 1114112K
  class space    used 5130K, committed 5312K, reserved 1048576K
}
Event: 26.128 GC heap before
{Heap before GC invocations=36 (full 0):
 garbage-first heap   total 257024K, used 216573K [0x00000000c0000000, 0x0000000100000000)
  region size 1024K, 100 young (102400K), 7 survivors (7168K)
 Metaspace       used 40825K, committed 41280K, reserved 1114112K
  class space    used 5130K, committed 5312K, reserved 1048576K
}
Event: 26.138 GC heap after
{Heap after GC invocations=37 (full 0):
 garbage-first heap   total 257024K, used 126124K [0x00000000c0000000, 0x0000000100000000)
  region size 1024K, 11 young (11264K), 11 survivors (11264K)
 Metaspace       used 40825K, committed 41280K, reserved 1114112K
  class space    used 5130K, committed 5312K, reserved 1048576K
}
Event: 26.309 GC heap before
{Heap before GC invocations=38 (full 0):
 garbage-first heap   total 285696K, used 216236K [0x00000000c0000000, 0x0000000100000000)
  region size 1024K, 101 young (103424K), 11 survivors (11264K)
 Metaspace       used 41007K, committed 41472K, reserved 1114112K
  class space    used 5167K, committed 5376K, reserved 1048576K
}
Event: 26.317 GC heap after
{Heap after GC invocations=39 (full 0):
 garbage-first heap   total 285696K, used 130716K [0x00000000c0000000, 0x0000000100000000)
  region size 1024K, 13 young (13312K), 13 survivors (13312K)
 Metaspace       used 41007K, committed 41472K, reserved 1114112K
  class space    used 5167K, committed 5376K, reserved 1048576K
}
Event: 26.317 GC heap before
{Heap before GC invocations=39 (full 0):
 garbage-first heap   total 285696K, used 130716K [0x00000000c0000000, 0x0000000100000000)
  region size 1024K, 14 young (14336K), 13 survivors (13312K)
 Metaspace       used 41007K, committed 41472K, reserved 1114112K
  class space    used 5167K, committed 5376K, reserved 1048576K
}
Event: 26.323 GC heap after
{Heap after GC invocations=40 (full 0):
 garbage-first heap   total 285696K, used 130412K [0x00000000c0000000, 0x0000000100000000)
  region size 1024K, 2 young (2048K), 2 survivors (2048K)
 Metaspace       used 41007K, committed 41472K, reserved 1114112K
  class space    used 5167K, committed 5376K, reserved 1048576K
}
Event: 26.496 GC heap before
{Heap before GC invocations=40 (full 0):
 garbage-first heap   total 285696K, used 241004K [0x00000000c0000000, 0x0000000100000000)
  region size 1024K, 111 young (113664K), 2 survivors (2048K)
 Metaspace       used 41205K, committed 41664K, reserved 1114112K
  class space    used 5208K, committed 5440K, reserved 1048576K
}

