# JRE version: OpenJDK Runtime Environment Temurin-17.0.7+7 (17.0.7+7) (build 17.0.7+7)
# Java VM: OpenJDK 64-Bit Server VM Temurin-17.0.7+7 (17.0.7+7, mixed mode, emulated-client, tiered, compressed oops, compressed class ptrs, g1 gc, windows-amd64)
GC Precious Log:
 CPUs: 8 total, 8 available
 Memory: 8073M
 Large Page Support: Disabled
 NUMA Support: Disabled
 Compressed Oops: Enabled (32-bit)
 Heap Region Size: 1M
 Heap Min Capacity: 8M
 Heap Initial Capacity: 128M
 Heap Max Capacity: 1G
 Pre-touch: Disabled
 Parallel Workers: 8
 Concurrent Workers: 2
 Concurrent Refinement Workers: 8
 Periodic GC: Disabled
Heap:
 garbage-first heap   total 150528K, used 48461K [0x00000000c0000000, 0x0000000100000000)
  region size 1024K, 1 young (1024K), 0 survivors (0K)
 Metaspace       used 68288K, committed 68736K, reserved 1114112K
  class space    used 8952K, committed 9152K, reserved 1048576K
GC Heap History (20 events):
Event: 15101.527 GC heap before
{Heap before GC invocations=1481 (full 1388):
 garbage-first heap   total 150528K, used 48277K [0x00000000c0000000, 0x0000000100000000)
  region size 1024K, 1 young (1024K), 0 survivors (0K)
 Metaspace       used 68263K, committed 68672K, reserved 1114112K
  class space    used 8947K, committed 9152K, reserved 1048576K
}
Event: 15101.563 GC heap after
{Heap after GC invocations=1482 (full 1389):
 garbage-first heap   total 150528K, used 48275K [0x00000000c0000000, 0x0000000100000000)
  region size 1024K, 0 young (0K), 0 survivors (0K)
 Metaspace       used 68263K, committed 68672K, reserved 1114112K
  class space    used 8947K, committed 9152K, reserved 1048576K
}
Event: 15111.752 GC heap before
{Heap before GC invocations=1482 (full 1389):
 garbage-first heap   total 150528K, used 48275K [0x00000000c0000000, 0x0000000100000000)
  region size 1024K, 1 young (1024K), 0 survivors (0K)
 Metaspace       used 68263K, committed 68672K, reserved 1114112K
  class space    used 8947K, committed 9152K, reserved 1048576K
}
Event: 15111.788 GC heap after
{Heap after GC invocations=1483 (full 1390):
 garbage-first heap   total 150528K, used 48275K [0x00000000c0000000, 0x0000000100000000)
  region size 1024K, 0 young (0K), 0 survivors (0K)
 Metaspace       used 68263K, committed 68672K, reserved 1114112K
  class space    used 8947K, committed 9152K, reserved 1048576K
}
Event: 15121.969 GC heap before
{Heap before GC invocations=1483 (full 1390):
 garbage-first heap   total 150528K, used 48275K [0x00000000c0000000, 0x0000000100000000)
  region size 1024K, 1 young (1024K), 0 survivors (0K)
 Metaspace       used 68263K, committed 68672K, reserved 1114112K
  class space    used 8947K, committed 9152K, reserved 1048576K
}
Event: 15122.007 GC heap after
{Heap after GC invocations=1484 (full 1391):
 garbage-first heap   total 150528K, used 48275K [0x00000000c0000000, 0x0000000100000000)
  region size 1024K, 0 young (0K), 0 survivors (0K)
 Metaspace       used 68263K, committed 68672K, reserved 1114112K
  class space    used 8947K, committed 9152K, reserved 1048576K
}
Event: 15132.178 GC heap before
{Heap before GC invocations=1484 (full 1391):
 garbage-first heap   total 150528K, used 48275K [0x00000000c0000000, 0x0000000100000000)
  region size 1024K, 1 young (1024K), 0 survivors (0K)
 Metaspace       used 68263K, committed 68672K, reserved 1114112K
  class space    used 8947K, committed 9152K, reserved 1048576K
}
Event: 15132.213 GC heap after
{Heap after GC invocations=1485 (full 1392):
 garbage-first heap   total 150528K, used 48275K [0x00000000c0000000, 0x0000000100000000)
  region size 1024K, 0 young (0K), 0 survivors (0K)
 Metaspace       used 68263K, committed 68672K, reserved 1114112K
  class space    used 8947K, committed 9152K, reserved 1048576K
}
Event: 15142.378 GC heap before
{Heap before GC invocations=1485 (full 1392):
 garbage-first heap   total 150528K, used 48275K [0x00000000c0000000, 0x0000000100000000)
  region size 1024K, 1 young (1024K), 0 survivors (0K)
 Metaspace       used 68263K, committed 68672K, reserved 1114112K
  class space    used 8947K, committed 9152K, reserved 1048576K
}
Event: 15142.417 GC heap after
{Heap after GC invocations=1486 (full 1393):
 garbage-first heap   total 150528K, used 48275K [0x00000000c0000000, 0x0000000100000000)
  region size 1024K, 0 young (0K), 0 survivors (0K)
 Metaspace       used 68263K, committed 68672K, reserved 1114112K
  class space    used 8947K, committed 9152K, reserved 1048576K
}
Event: 15152.600 GC heap before
{Heap before GC invocations=1486 (full 1393):
 garbage-first heap   total 150528K, used 48275K [0x00000000c0000000, 0x0000000100000000)
  region size 1024K, 1 young (1024K), 0 survivors (0K)
 Metaspace       used 68263K, committed 68672K, reserved 1114112K
  class space    used 8947K, committed 9152K, reserved 1048576K
}
Event: 15152.634 GC heap after
{Heap after GC invocations=1487 (full 1394):
 garbage-first heap   total 150528K, used 48275K [0x00000000c0000000, 0x0000000100000000)
  region size 1024K, 0 young (0K), 0 survivors (0K)
 Metaspace       used 68263K, committed 68672K, reserved 1114112K
  class space    used 8947K, committed 9152K, reserved 1048576K
}
Event: 15162.816 GC heap before
{Heap before GC invocations=1487 (full 1394):
 garbage-first heap   total 150528K, used 48275K [0x00000000c0000000, 0x0000000100000000)
  region size 1024K, 1 young (1024K), 0 survivors (0K)
 Metaspace       used 68263K, committed 68672K, reserved 1114112K
  class space    used 8947K, committed 9152K, reserved 1048576K
}
Event: 15162.860 GC heap after
{Heap after GC invocations=1488 (full 1395):
 garbage-first heap   total 150528K, used 48273K [0x00000000c0000000, 0x0000000100000000)
  region size 1024K, 0 young (0K), 0 survivors (0K)
 Metaspace       used 68263K, committed 68672K, reserved 1114112K
  class space    used 8947K, committed 9152K, reserved 1048576K
}
Event: 15173.026 GC heap before
{Heap before GC invocations=1488 (full 1395):
 garbage-first heap   total 150528K, used 48273K [0x00000000c0000000, 0x0000000100000000)
  region size 1024K, 1 young (1024K), 0 survivors (0K)
 Metaspace       used 68263K, committed 68672K, reserved 1114112K
  class space    used 8947K, committed 9152K, reserved 1048576K
}
Event: 15173.074 GC heap after
{Heap after GC invocations=1489 (full 1396):
 garbage-first heap   total 150528K, used 48273K [0x00000000c0000000, 0x0000000100000000)
  region size 1024K, 0 young (0K), 0 survivors (0K)
 Metaspace       used 68263K, committed 68672K, reserved 1114112K
  class space    used 8947K, committed 9152K, reserved 1048576K
}
Event: 15183.235 GC heap before
{Heap before GC invocations=1489 (full 1396):
 garbage-first heap   total 150528K, used 48273K [0x00000000c0000000, 0x0000000100000000)
  region size 1024K, 1 young (1024K), 0 survivors (0K)
 Metaspace       used 68263K, committed 68672K, reserved 1114112K
  class space    used 8947K, committed 9152K, reserved 1048576K
}
Event: 15183.273 GC heap after
{Heap after GC invocations=1490 (full 1397):
 garbage-first heap   total 150528K, used 48273K [0x00000000c0000000, 0x0000000100000000)
  region size 1024K, 0 young (0K), 0 survivors (0K)
 Metaspace       used 68263K, committed 68672K, reserved 1114112K
  class space    used 8947K, committed 9152K, reserved 1048576K
}
Event: 15353.901 GC heap before
{Heap before GC invocations=1490 (full 1397):
 garbage-first heap   total 150528K, used 71825K [0x00000000c0000000, 0x0000000100000000)
  region size 1024K, 24 young (24576K), 0 survivors (0K)
 Metaspace       used 68288K, committed 68736K, reserved 1114112K
  class space    used 8952K, committed 9152K, reserved 1048576K
}
Event: 15353.947 GC heap after
{Heap after GC invocations=1491 (full 1398):
 garbage-first heap   total 150528K, used 48461K [0x00000000c0000000, 0x0000000100000000)
  region size 1024K, 0 young (0K), 0 survivors (0K)
 Metaspace       used 68288K, committed 68736K, reserved 1114112K
  class space    used 8952K, committed 9152K, reserved 1048576K
}

