# JRE version: OpenJDK Runtime Environment Temurin-17.0.7+7 (17.0.7+7) (build 17.0.7+7)
# Java VM: OpenJDK 64-Bit Server VM Temurin-17.0.7+7 (17.0.7+7, mixed mode, emulated-client, tiered, compressed oops, compressed class ptrs, g1 gc, windows-amd64)
GC Precious Log:
 CPUs: 8 total, 8 available
 Memory: 8073M
 Large Page Support: Disabled
 NUMA Support: Disabled
 Compressed Oops: Enabled (32-bit)
 Heap Region Size: 1M
 Heap Min Capacity: 8M
 Heap Initial Capacity: 128M
 Heap Max Capacity: 1G
 Pre-touch: Disabled
 Parallel Workers: 8
 Concurrent Workers: 2
 Concurrent Refinement Workers: 8
 Periodic GC: Disabled
Heap:
 garbage-first heap   total 150528K, used 55408K [0x00000000c0000000, 0x0000000100000000)
  region size 1024K, 1 young (1024K), 0 survivors (0K)
 Metaspace       used 70919K, committed 71488K, reserved 1114112K
  class space    used 9308K, committed 9600K, reserved 1048576K
GC Heap History (20 events):
Event: 148579.602 GC heap before
{Heap before GC invocations=3737 (full 3310):
 garbage-first heap   total 150528K, used 55408K [0x00000000c0000000, 0x0000000100000000)
  region size 1024K, 1 young (1024K), 0 survivors (0K)
 Metaspace       used 70919K, committed 71488K, reserved 1114112K
  class space    used 9308K, committed 9600K, reserved 1048576K
}
Event: 148579.659 GC heap after
{Heap after GC invocations=3738 (full 3311):
 garbage-first heap   total 150528K, used 55408K [0x00000000c0000000, 0x0000000100000000)
  region size 1024K, 0 young (0K), 0 survivors (0K)
 Metaspace       used 70919K, committed 71488K, reserved 1114112K
  class space    used 9308K, committed 9600K, reserved 1048576K
}
Event: 148589.814 GC heap before
{Heap before GC invocations=3738 (full 3311):
 garbage-first heap   total 150528K, used 55408K [0x00000000c0000000, 0x0000000100000000)
  region size 1024K, 1 young (1024K), 0 survivors (0K)
 Metaspace       used 70919K, committed 71488K, reserved 1114112K
  class space    used 9308K, committed 9600K, reserved 1048576K
}
Event: 148589.866 GC heap after
{Heap after GC invocations=3739 (full 3312):
 garbage-first heap   total 150528K, used 55408K [0x00000000c0000000, 0x0000000100000000)
  region size 1024K, 0 young (0K), 0 survivors (0K)
 Metaspace       used 70919K, committed 71488K, reserved 1114112K
  class space    used 9308K, committed 9600K, reserved 1048576K
}
Event: 148600.026 GC heap before
{Heap before GC invocations=3739 (full 3312):
 garbage-first heap   total 150528K, used 55408K [0x00000000c0000000, 0x0000000100000000)
  region size 1024K, 1 young (1024K), 0 survivors (0K)
 Metaspace       used 70919K, committed 71488K, reserved 1114112K
  class space    used 9308K, committed 9600K, reserved 1048576K
}
Event: 148600.082 GC heap after
{Heap after GC invocations=3740 (full 3313):
 garbage-first heap   total 150528K, used 55408K [0x00000000c0000000, 0x0000000100000000)
  region size 1024K, 0 young (0K), 0 survivors (0K)
 Metaspace       used 70919K, committed 71488K, reserved 1114112K
  class space    used 9308K, committed 9600K, reserved 1048576K
}
Event: 148610.235 GC heap before
{Heap before GC invocations=3740 (full 3313):
 garbage-first heap   total 150528K, used 55408K [0x00000000c0000000, 0x0000000100000000)
  region size 1024K, 1 young (1024K), 0 survivors (0K)
 Metaspace       used 70919K, committed 71488K, reserved 1114112K
  class space    used 9308K, committed 9600K, reserved 1048576K
}
Event: 148610.297 GC heap after
{Heap after GC invocations=3741 (full 3314):
 garbage-first heap   total 150528K, used 55408K [0x00000000c0000000, 0x0000000100000000)
  region size 1024K, 0 young (0K), 0 survivors (0K)
 Metaspace       used 70919K, committed 71488K, reserved 1114112K
  class space    used 9308K, committed 9600K, reserved 1048576K
}
Event: 148620.471 GC heap before
{Heap before GC invocations=3741 (full 3314):
 garbage-first heap   total 150528K, used 55408K [0x00000000c0000000, 0x0000000100000000)
  region size 1024K, 1 young (1024K), 0 survivors (0K)
 Metaspace       used 70919K, committed 71488K, reserved 1114112K
  class space    used 9308K, committed 9600K, reserved 1048576K
}
Event: 148620.521 GC heap after
{Heap after GC invocations=3742 (full 3315):
 garbage-first heap   total 150528K, used 55408K [0x00000000c0000000, 0x0000000100000000)
  region size 1024K, 0 young (0K), 0 survivors (0K)
 Metaspace       used 70919K, committed 71488K, reserved 1114112K
  class space    used 9308K, committed 9600K, reserved 1048576K
}
Event: 148630.701 GC heap before
{Heap before GC invocations=3742 (full 3315):
 garbage-first heap   total 150528K, used 55408K [0x00000000c0000000, 0x0000000100000000)
  region size 1024K, 1 young (1024K), 0 survivors (0K)
 Metaspace       used 70919K, committed 71488K, reserved 1114112K
  class space    used 9308K, committed 9600K, reserved 1048576K
}
Event: 148630.757 GC heap after
{Heap after GC invocations=3743 (full 3316):
 garbage-first heap   total 150528K, used 55408K [0x00000000c0000000, 0x0000000100000000)
  region size 1024K, 0 young (0K), 0 survivors (0K)
 Metaspace       used 70919K, committed 71488K, reserved 1114112K
  class space    used 9308K, committed 9600K, reserved 1048576K
}
Event: 148640.927 GC heap before
{Heap before GC invocations=3743 (full 3316):
 garbage-first heap   total 150528K, used 55408K [0x00000000c0000000, 0x0000000100000000)
  region size 1024K, 1 young (1024K), 0 survivors (0K)
 Metaspace       used 70919K, committed 71488K, reserved 1114112K
  class space    used 9308K, committed 9600K, reserved 1048576K
}
Event: 148640.984 GC heap after
{Heap after GC invocations=3744 (full 3317):
 garbage-first heap   total 150528K, used 55408K [0x00000000c0000000, 0x0000000100000000)
  region size 1024K, 0 young (0K), 0 survivors (0K)
 Metaspace       used 70919K, committed 71488K, reserved 1114112K
  class space    used 9308K, committed 9600K, reserved 1048576K
}
Event: 148651.134 GC heap before
{Heap before GC invocations=3744 (full 3317):
 garbage-first heap   total 150528K, used 55408K [0x00000000c0000000, 0x0000000100000000)
  region size 1024K, 1 young (1024K), 0 survivors (0K)
 Metaspace       used 70919K, committed 71488K, reserved 1114112K
  class space    used 9308K, committed 9600K, reserved 1048576K
}
Event: 148651.191 GC heap after
{Heap after GC invocations=3745 (full 3318):
 garbage-first heap   total 150528K, used 55408K [0x00000000c0000000, 0x0000000100000000)
  region size 1024K, 0 young (0K), 0 survivors (0K)
 Metaspace       used 70919K, committed 71488K, reserved 1114112K
  class space    used 9308K, committed 9600K, reserved 1048576K
}
Event: 150080.035 GC heap before
{Heap before GC invocations=3745 (full 3318):
 garbage-first heap   total 150528K, used 55408K [0x00000000c0000000, 0x0000000100000000)
  region size 1024K, 1 young (1024K), 0 survivors (0K)
 Metaspace       used 70919K, committed 71488K, reserved 1114112K
  class space    used 9308K, committed 9600K, reserved 1048576K
}
Event: 150080.113 GC heap after
{Heap after GC invocations=3746 (full 3319):
 garbage-first heap   total 150528K, used 55408K [0x00000000c0000000, 0x0000000100000000)
  region size 1024K, 0 young (0K), 0 survivors (0K)
 Metaspace       used 70919K, committed 71488K, reserved 1114112K
  class space    used 9308K, committed 9600K, reserved 1048576K
}
Event: 150090.310 GC heap before
{Heap before GC invocations=3746 (full 3319):
 garbage-first heap   total 150528K, used 55408K [0x00000000c0000000, 0x0000000100000000)
  region size 1024K, 1 young (1024K), 0 survivors (0K)
 Metaspace       used 70919K, committed 71488K, reserved 1114112K
  class space    used 9308K, committed 9600K, reserved 1048576K
}
Event: 150090.371 GC heap after
{Heap after GC invocations=3747 (full 3320):
 garbage-first heap   total 150528K, used 55408K [0x00000000c0000000, 0x0000000100000000)
  region size 1024K, 0 young (0K), 0 survivors (0K)
 Metaspace       used 70919K, committed 71488K, reserved 1114112K
  class space    used 9308K, committed 9600K, reserved 1048576K
}

